c:\users\chris\dropbox\documents\school\algorithms and data structures\hw6\hw6\debug\account.obj
c:\users\chris\dropbox\documents\school\algorithms and data structures\hw6\hw6\debug\address.obj
c:\users\chris\dropbox\documents\school\algorithms and data structures\hw6\hw6\debug\client.obj
c:\users\chris\dropbox\documents\school\algorithms and data structures\hw6\hw6\debug\employee.obj
c:\users\chris\dropbox\documents\school\algorithms and data structures\hw6\hw6\debug\fulltimeemployee.obj
c:\users\chris\dropbox\documents\school\algorithms and data structures\hw6\hw6\debug\hourlyemployee.obj
c:\users\chris\dropbox\documents\school\algorithms and data structures\hw6\hw6\debug\person.obj
c:\users\chris\dropbox\documents\school\algorithms and data structures\hw6\hw6\debug\vc110.pdb
c:\users\chris\dropbox\documents\school\algorithms and data structures\hw6\hw6\debug\main.obj
c:\users\chris\dropbox\documents\school\algorithms and data structures\hw6\hw6\debug\bank.obj
c:\users\chris\dropbox\documents\school\algorithms and data structures\hw6\debug\hw6.ilk
c:\users\chris\dropbox\documents\school\algorithms and data structures\hw6\debug\hw6.exe
c:\users\chris\dropbox\documents\school\algorithms and data structures\hw6\debug\hw6.pdb
c:\users\cjken\dropbox\documents\school\algorithms and data structures\hw6\hw6\debug\vc140.pdb
c:\users\cjken\dropbox\documents\school\algorithms and data structures\hw6\hw6\debug\vc140.idb
c:\users\cjken\dropbox\documents\school\algorithms and data structures\hw6\hw6\debug\address.obj
c:\users\cjken\dropbox\documents\school\algorithms and data structures\hw6\hw6\debug\employee.obj
c:\users\cjken\dropbox\documents\school\algorithms and data structures\hw6\hw6\debug\fulltimeemployee.obj
c:\users\cjken\dropbox\documents\school\algorithms and data structures\hw6\hw6\debug\hourlyemployee.obj
c:\users\cjken\dropbox\documents\school\algorithms and data structures\hw6\hw6\debug\person.obj
c:\users\cjken\dropbox\documents\school\algorithms and data structures\hw6\hw6\debug\bank.obj
c:\users\cjken\dropbox\documents\school\algorithms and data structures\hw6\hw6\debug\main.obj
c:\users\cjken\dropbox\documents\school\algorithms and data structures\hw6\hw6\debug\client.obj
c:\users\cjken\dropbox\documents\school\algorithms and data structures\hw6\hw6\debug\account.obj
c:\users\cjken\dropbox\documents\school\algorithms and data structures\hw6\hw6\debug\cl.command.1.tlog
c:\users\cjken\dropbox\documents\school\algorithms and data structures\hw6\hw6\debug\cl.read.1.tlog
c:\users\cjken\dropbox\documents\school\algorithms and data structures\hw6\hw6\debug\cl.write.1.tlog
c:\users\cjken\dropbox\documents\school\algorithms and data structures\hw6\hw6\debug\link-cvtres.read.1.tlog
c:\users\cjken\dropbox\documents\school\algorithms and data structures\hw6\hw6\debug\link-cvtres.write.1.tlog
c:\users\cjken\dropbox\documents\school\algorithms and data structures\hw6\hw6\debug\link-rc.read.1.tlog
c:\users\cjken\dropbox\documents\school\algorithms and data structures\hw6\hw6\debug\link-rc.write.1.tlog
c:\users\cjken\dropbox\documents\school\algorithms and data structures\hw6\hw6\debug\link.5068-cvtres.read.1.tlog
c:\users\cjken\dropbox\documents\school\algorithms and data structures\hw6\hw6\debug\link.5068-cvtres.write.1.tlog
c:\users\cjken\dropbox\documents\school\algorithms and data structures\hw6\hw6\debug\link.5068-rc.read.1.tlog
c:\users\cjken\dropbox\documents\school\algorithms and data structures\hw6\hw6\debug\link.5068-rc.write.1.tlog
c:\users\cjken\dropbox\documents\school\algorithms and data structures\hw6\hw6\debug\link.5068.read.1.tlog
c:\users\cjken\dropbox\documents\school\algorithms and data structures\hw6\hw6\debug\link.5068.write.1.tlog
c:\users\cjken\dropbox\documents\school\algorithms and data structures\hw6\hw6\debug\link.5412-cvtres.read.1.tlog
c:\users\cjken\dropbox\documents\school\algorithms and data structures\hw6\hw6\debug\link.5412-cvtres.write.1.tlog
c:\users\cjken\dropbox\documents\school\algorithms and data structures\hw6\hw6\debug\link.5412-rc.read.1.tlog
c:\users\cjken\dropbox\documents\school\algorithms and data structures\hw6\hw6\debug\link.5412-rc.write.1.tlog
c:\users\cjken\dropbox\documents\school\algorithms and data structures\hw6\hw6\debug\link.5412.read.1.tlog
c:\users\cjken\dropbox\documents\school\algorithms and data structures\hw6\hw6\debug\link.5412.write.1.tlog
c:\users\cjken\dropbox\documents\school\algorithms and data structures\hw6\hw6\debug\link.command.1.tlog
c:\users\cjken\dropbox\documents\school\algorithms and data structures\hw6\hw6\debug\link.read.1.tlog
c:\users\cjken\dropbox\documents\school\algorithms and data structures\hw6\hw6\debug\link.write.1.tlog
c:\users\cjken\dropbox\documents\school\algorithms and data structures\hw6\hw6\debug\vc110.idb
c:\users\cjken\dropbox\documents\school\algorithms and data structures\hw6\hw6\debug\vc110.pdb
c:\users\cjken\dropbox\documents\school\algorithms and data structures\hw6\debug\hw6.pdb
c:\users\cjken\dropbox\documents\school\algorithms and data structures\hw6\hw6\debug\hw6.tlog\cl.command.1.tlog
c:\users\cjken\dropbox\documents\school\algorithms and data structures\hw6\hw6\debug\hw6.tlog\cl.read.1.tlog
c:\users\cjken\dropbox\documents\school\algorithms and data structures\hw6\hw6\debug\hw6.tlog\cl.write.1.tlog
c:\users\cjken\dropbox\documents\school\algorithms and data structures\hw6\hw6\debug\hw6.tlog\link-cvtres.read.1.tlog
c:\users\cjken\dropbox\documents\school\algorithms and data structures\hw6\hw6\debug\hw6.tlog\link-cvtres.write.1.tlog
c:\users\cjken\dropbox\documents\school\algorithms and data structures\hw6\hw6\debug\hw6.tlog\link-rc.read.1.tlog
c:\users\cjken\dropbox\documents\school\algorithms and data structures\hw6\hw6\debug\hw6.tlog\link-rc.write.1.tlog
c:\users\cjken\dropbox\documents\school\algorithms and data structures\hw6\hw6\debug\hw6.tlog\link.command.1.tlog
c:\users\cjken\dropbox\documents\school\algorithms and data structures\hw6\hw6\debug\hw6.tlog\link.read.1.tlog
c:\users\cjken\dropbox\documents\school\algorithms and data structures\hw6\hw6\debug\hw6.tlog\link.write.1.tlog
